<?xml version="1.0" encoding="UTF-8"?>
<!-- Generated by org.testng.reporters.JUnitReportReporter -->
<testsuite hostname="DESKTOP-0I2L5MP" name="parallelExecution.terst" tests="1" failures="0" timestamp="1 Dec 2020 06:16:05 GMT" time="33.671" errors="0">
  <testcase name="attachedScreenshotToJira" time="33.671" classname="parallelExecution.terst"/>
</testsuite> <!-- parallelExecution.terst -->
