<?xml version="1.0" encoding="UTF-8"?>
<!-- Generated by org.testng.reporters.JUnitReportReporter -->
<testsuite hostname="LTILBOM20200195" name="parallelExecution.SampleChartPage" tests="1" failures="0" timestamp="24 Nov 2020 07:16:03 GMT" time="7.975" errors="0">
  <testcase name="graphValid" time="7.975" classname="parallelExecution.SampleChartPage"/>
</testsuite> <!-- parallelExecution.SampleChartPage -->
