<?xml version="1.0" encoding="UTF-8"?>
<!-- Generated by org.testng.reporters.JUnitReportReporter -->
<testsuite hostname="LTILBOM20200195" name="utilities.SendEmailWithAttachments" tests="1" failures="0" timestamp="4 Nov 2020 12:55:52 GMT" time="6.668" errors="0">
  <testcase name="sending_email" time="6.668" classname="utilities.SendEmailWithAttachments"/>
</testsuite> <!-- utilities.SendEmailWithAttachments -->
